<?xml version="1.0" encoding="UTF-8"?>
<!-- Generated by org.testng.reporters.JUnitXMLReporter -->
<testsuite hostname="an-test" name="GET-Eureka3-addressbook1" tests="1" failures="1" timestamp="26 Oct 2016 10:47:13 GMT" time="0.336" errors="0">
  <testcase name="getTest" time="0.333" classname="com.bluemeric.test.GenerateTest">
    <failure type="java.lang.AssertionError" message="Expected response is First Name. But received reponse = &amp;lt;!DOCTYPE html&amp;gt;
&amp;lt;html&amp;gt;
 &amp;lt;head&amp;gt;
  &amp;lt;meta http-equiv=&amp;quot;Content-Type&amp;quot; content=&amp;quot;text/html; charset=utf-8&amp;quot;&amp;gt;
  &amp;lt;meta http-equiv=&amp;quot;X-UA-Compatible&amp;quot; content=&amp;quot;IE=11;chrome=1&amp;quot;&amp;gt;
  &amp;lt;title&amp;gt;Addressbook&amp;lt;/title&amp;gt;
  &amp;lt;style type=&amp;quot;text/css&amp;quot;&amp;gt;html, body {height:100%;margin:0;}&amp;lt;/style&amp;gt;
  &amp;lt;link rel=&amp;quot;shortcut icon&amp;quot; type=&amp;quot;image/vnd.microsoft.icon&amp;quot; href=&amp;quot;./VAADIN/themes/valo/favicon.ico&amp;quot;&amp;gt;
  &amp;lt;link rel=&amp;quot;icon&amp;quot; type=&amp;quot;image/vnd.microsoft.icon&amp;quot; href=&amp;quot;./VAADIN/themes/valo/favicon.ico&amp;quot;&amp;gt;
 &amp;lt;/head&amp;gt;
 &amp;lt;body scroll=&amp;quot;auto&amp;quot; class=&amp;quot; v-generated-body&amp;quot;&amp;gt;
  &amp;lt;div id=&amp;quot;ROOT-2521314&amp;quot; class=&amp;quot; v-app valo addressbookui&amp;quot;&amp;gt;
   &amp;lt;div class=&amp;quot; v-app-loading&amp;quot;&amp;gt;&amp;lt;/div&amp;gt;
   &amp;lt;noscript&amp;gt;
    You have to enable javascript in your browser to use an application built with Vaadin.
   &amp;lt;/noscript&amp;gt;
  &amp;lt;/div&amp;gt;
  &amp;lt;script type=&amp;quot;text/javascript&amp;quot; src=&amp;quot;./VAADIN/vaadinBootstrap.js?v=7.4.5&amp;quot;&amp;gt;&amp;lt;/script&amp;gt;
  &amp;lt;script type=&amp;quot;text/javascript&amp;quot;&amp;gt;//&amp;lt;![CDATA[
if (!window.vaadin) alert(&amp;quot;Failed to load the bootstrap javascript: ./VAADIN/vaadinBootstrap.js?v=7.4.5&amp;quot;);
if (typeof window.__gwtStatsEvent != &amp;apos;function&amp;apos;) {
vaadin.gwtStatsEvents = [];
window.__gwtStatsEvent = function(event) {vaadin.gwtStatsEvents.push(event); return true;};
}
vaadin.initApplication(&amp;quot;ROOT-2521314&amp;quot;,{
    &amp;quot;theme&amp;quot;: &amp;quot;valo&amp;quot;,
    &amp;quot;versionInfo&amp;quot;: {
        &amp;quot;vaadinVersion&amp;quot;: &amp;quot;7.4.5&amp;quot;
    },
    &amp;quot;widgetset&amp;quot;: &amp;quot;com.vaadin.DefaultWidgetSet&amp;quot;,
    &amp;quot;comErrMsg&amp;quot;: {
        &amp;quot;caption&amp;quot;: &amp;quot;Communication problem&amp;quot;,
        &amp;quot;message&amp;quot;: &amp;quot;Take note of any unsaved data, and &amp;lt;u&amp;gt;click here&amp;lt;/u&amp;gt; or press ESC to continue.&amp;quot;,
        &amp;quot;url&amp;quot;: null
    },
    &amp;quot;authErrMsg&amp;quot;: {
        &amp;quot;caption&amp;quot;: &amp;quot;Authentication problem&amp;quot;,
        &amp;quot;message&amp;quot;: &amp;quot;Take note of any unsaved data, and &amp;lt;u&amp;gt;click here&amp;lt;/u&amp;gt; or press ESC to continue.&amp;quot;,
        &amp;quot;url&amp;quot;: null
    },
    &amp;quot;sessExpMsg&amp;quot;: {
        &amp;quot;caption&amp;quot;: &amp;quot;Session Expired&amp;quot;,
        &amp;quot;message&amp;quot;: &amp;quot;Take note of any unsaved data, and &amp;lt;u&amp;gt;click here&amp;lt;/u&amp;gt; or press ESC key to continue.&amp;quot;,
        &amp;quot;url&amp;quot;: null
    },
    &amp;quot;vaadinDir&amp;quot;: &amp;quot;./VAADIN/&amp;quot;,
    &amp;quot;debug&amp;quot;: true,
    &amp;quot;standalone&amp;quot;: true,
    &amp;quot;heartbeatInterval&amp;quot;: 300,
    &amp;quot;serviceUrl&amp;quot;: &amp;quot;/vaadinServlet&amp;quot;
});
//]]&amp;gt;&amp;lt;/script&amp;gt;
 &amp;lt;/body&amp;gt;
&amp;lt;/html&amp;gt;. Output mismatching. Hence failing the test.">
      <![CDATA[java.lang.AssertionError: Expected response is First Name. But received reponse = <!DOCTYPE html>
<html>
 <head>
  <meta http-equiv="Content-Type" content="text/html; charset=utf-8">
  <meta http-equiv="X-UA-Compatible" content="IE=11;chrome=1">
  <title>Addressbook</title>
  <style type="text/css">html, body {height:100%;margin:0;}</style>
  <link rel="shortcut icon" type="image/vnd.microsoft.icon" href="./VAADIN/themes/valo/favicon.ico">
  <link rel="icon" type="image/vnd.microsoft.icon" href="./VAADIN/themes/valo/favicon.ico">
 </head>
 <body scroll="auto" class=" v-generated-body">
  <div id="ROOT-2521314" class=" v-app valo addressbookui">
   <div class=" v-app-loading"></div>
   <noscript>
    You have to enable javascript in your browser to use an application built with Vaadin.
   </noscript>
  </div>
  <script type="text/javascript" src="./VAADIN/vaadinBootstrap.js?v=7.4.5"></script>
  <script type="text/javascript">//<![CDATA[
if (!window.vaadin) alert("Failed to load the bootstrap javascript: ./VAADIN/vaadinBootstrap.js?v=7.4.5");
if (typeof window.__gwtStatsEvent != 'function') {
vaadin.gwtStatsEvents = [];
window.__gwtStatsEvent = function(event) {vaadin.gwtStatsEvents.push(event); return true;};
}
vaadin.initApplication("ROOT-2521314",{
    "theme": "valo",
    "versionInfo": {
        "vaadinVersion": "7.4.5"
    },
    "widgetset": "com.vaadin.DefaultWidgetSet",
    "comErrMsg": {
        "caption": "Communication problem",
        "message": "Take note of any unsaved data, and <u>click here</u> or press ESC to continue.",
        "url": null
    },
    "authErrMsg": {
        "caption": "Authentication problem",
        "message": "Take note of any unsaved data, and <u>click here</u> or press ESC to continue.",
        "url": null
    },
    "sessExpMsg": {
        "caption": "Session Expired",
        "message": "Take note of any unsaved data, and <u>click here</u> or press ESC key to continue.",
        "url": null
    },
    "vaadinDir": "./VAADIN/",
    "debug": true,
    "standalone": true,
    "heartbeatInterval": 300,
    "serviceUrl": "/vaadinServlet"
});
//]]]]><![CDATA[></script>
 </body>
</html>. Output mismatching. Hence failing the test.
	at com.bluemeric.test.GenerateTest.getTest(Unknown Source)
	at com.bluemeric.test.RunTest.runTests(Unknown Source)
	at com.bluemeric.test.RunTest.main(Unknown Source)
... Removed 22 stack frames]]>
    </failure>
  </testcase> <!-- getTest -->
</testsuite> <!-- GET-Eureka3-addressbook1 -->
